C:\USERS\ELECTRONICS\DESKTOP\GAS RIG\GASRIGDLL\GASRINGDLL\GASRINGDLL\DEBUG\DIGITALCONTROL.OBJ
C:\USERS\ELECTRONICS\DESKTOP\GAS RIG\GASRIGDLL\GASRINGDLL\GASRINGDLL\DEBUG\MAIN.OBJ
C:\USERS\ELECTRONICS\DESKTOP\GAS RIG\GASRIGDLL\GASRINGDLL\GASRINGDLL\DEBUG\PRESSURESENSOR.OBJ
C:\USERS\ELECTRONICS\DESKTOP\GAS RIG\GASRIGDLL\GASRINGDLL\GASRINGDLL\DEBUG\VC110.PDB
C:\Users\electronics\Desktop\Gas rig\GasRigDLL\GasRingDLL\GasRingDLL\Debug\DigitalControl.obj
C:\Users\electronics\Desktop\Gas rig\GasRigDLL\GasRingDLL\GasRingDLL\Debug\main.obj
C:\Users\electronics\Desktop\Gas rig\GasRigDLL\GasRingDLL\GasRingDLL\Debug\PressureSensor.obj
C:\Users\electronics\Desktop\Gas rig\GasRigDLL\GasRingDLL\GasRingDLL\Debug\cl.command.1.tlog
C:\Users\electronics\Desktop\Gas rig\GasRigDLL\GasRingDLL\GasRingDLL\Debug\CL.read.1.tlog
C:\Users\electronics\Desktop\Gas rig\GasRigDLL\GasRingDLL\GasRingDLL\Debug\CL.write.1.tlog
C:\Users\electronics\Desktop\Gas rig\GasRigDLL\GasRingDLL\GasRingDLL\Debug\link-cvtres.read.1.tlog
C:\Users\electronics\Desktop\Gas rig\GasRigDLL\GasRingDLL\GasRingDLL\Debug\link-cvtres.write.1.tlog
C:\Users\electronics\Desktop\Gas rig\GasRigDLL\GasRingDLL\GasRingDLL\Debug\link-mt.read.1.tlog
C:\Users\electronics\Desktop\Gas rig\GasRigDLL\GasRingDLL\GasRingDLL\Debug\link-mt.write.1.tlog
C:\Users\electronics\Desktop\Gas rig\GasRigDLL\GasRingDLL\GasRingDLL\Debug\link-rc.read.1.tlog
C:\Users\electronics\Desktop\Gas rig\GasRigDLL\GasRingDLL\GasRingDLL\Debug\link-rc.write.1.tlog
C:\Users\electronics\Desktop\Gas rig\GasRigDLL\GasRingDLL\GasRingDLL\Debug\link.command.1.tlog
C:\Users\electronics\Desktop\Gas rig\GasRigDLL\GasRingDLL\GasRingDLL\Debug\link.read.1.tlog
C:\Users\electronics\Desktop\Gas rig\GasRigDLL\GasRingDLL\GasRingDLL\Debug\link.write.1.tlog
C:\Users\electronics\Desktop\Gas rig\GasRigDLL\GasRingDLL\GasRingDLL\Debug\vc110.idb
C:\Users\electronics\Desktop\Gas rig\GasRigDLL\GasRingDLL\GasRingDLL\Debug\vc110.pdb
C:\Users\electronics\Desktop\Gas rig\GasRigDLL\GasRingDLL\Debug\GasRingDLL.pdb
